2019-01-10 17:18:31,713 INFO  Try to open browser 
2019-01-10 17:18:36,232 INFO  Browser if opend 
2019-01-10 17:18:39,293 INFO  Baidu page is loaded 
2019-01-10 17:18:42,297 INFO  Try to close browser 
2019-01-10 17:18:42,532 INFO  Browser is closed 
2019-01-10 17:22:19,376 INFO  Try to open browser 
2019-01-10 17:22:23,820 INFO  Browser if opend 
2019-01-10 17:22:26,899 INFO  Baidu page is loaded 
2019-01-10 17:22:29,905 INFO  Try to close browser 
2019-01-10 17:22:30,135 INFO  Browser is closed 
2019-01-10 17:23:30,559 INFO  Try to open browser 
2019-01-10 17:23:34,906 INFO  Browser if opend 
2019-01-10 17:23:38,232 INFO  Baidu page is loaded 
2019-01-10 17:23:41,237 INFO  Try to close browser 
2019-01-10 17:23:41,528 INFO  Browser is closed 
2019-01-10 17:28:07,545 INFO  Try to open browser 
2019-01-10 17:28:11,934 INFO  Browser if opend 
2019-01-10 17:28:15,466 INFO  Baidu page is loaded 
2019-01-10 17:28:18,468 INFO  Try to close browser 
2019-01-10 17:28:18,685 INFO  Browser is closed 
2019-01-11 15:26:02,751 ERROR C\数据_ECShop_高级搜索.xlsx (系统找不到指定的路径。) 
2019-02-15 11:27:14,685 INFO  Browser is opened,Type isfirefox 
2019-02-15 11:27:23,485 INFO  Browser is opened,Type isfirefox 
2019-02-15 11:27:33,794 INFO  Browser is opened,Type isfirefox 
2019-02-15 14:42:59,797 ERROR Unable to open browser 
2019-02-15 14:42:59,797 ERROR The driver executable does not exist: E:\work\workspace\lina\mavenPro2\IEDriverServer.exe 
2019-02-15 14:52:54,171 INFO  Browser is opened,Type isie 
2019-02-15 14:53:03,626 INFO  Browser is opened,Type isie 
2019-02-15 14:53:17,781 INFO  Browser is opened,Type isie 
2019-02-15 15:06:34,471 INFO  Browser is opened,Type isfirefox 
2019-02-15 15:06:41,096 INFO  Browser is opened,Type isfirefox 
2019-02-15 15:06:49,459 INFO  Browser is opened,Type isfirefox 
2019-02-15 15:06:55,360 INFO  Browser is opened,Type isie 
2019-02-15 15:07:05,203 INFO  Browser is opened,Type isie 
2019-02-15 15:07:19,624 INFO  Browser is opened,Type isie 
2019-02-15 15:17:04,446 INFO  Browser is opened,Type isfirefox 
2019-02-15 15:17:11,140 INFO  Browser is opened,Type isfirefox 
2019-02-15 15:17:19,768 INFO  Browser is opened,Type isfirefox 
2019-02-15 15:17:25,910 INFO  Browser is opened,Type isie 
2019-02-15 15:17:35,771 INFO  Browser is opened,Type isie 
2019-02-15 15:17:50,039 INFO  Browser is opened,Type isie 
2019-02-18 15:25:04,228 INFO  Browser is opened,Type isfirefox 
2019-02-18 15:25:34,517 ERROR Unable to locate element: {"method":"id","selector":"abcde"}
Command duration or timeout: 30.09 seconds
For documentation on this error, please visit: http://seleniumhq.org/exceptions/no_such_element.html
Build info: version: '2.44.0', revision: '76d78cf323ce037c5f92db6c1bba601c2ac43ad8', time: '2014-10-23 13:11:40'
System info: host: 'zenfery', ip: '192.168.11.159', os.name: 'Windows 10', os.arch: 'amd64', os.version: '10.0', java.version: '1.8.0_71'
Driver info: org.openqa.selenium.firefox.FirefoxDriver
Capabilities [{applicationCacheEnabled=true, rotatable=false, handlesAlerts=true, databaseEnabled=true, version=33.1.1, platform=WINDOWS, nativeEvents=true, acceptSslCerts=true, webStorageEnabled=true, locationContextEnabled=true, browserName=firefox, takesScreenshot=true, javascriptEnabled=true, cssSelectorsEnabled=true}]
Session ID: 902187e9-e6e0-4117-a84a-e601ec3cba59 
2019-02-18 16:56:42,457 INFO  Browser is opened,Type isfirefox 
2019-02-18 16:56:42,900 INFO  The page is loaded... 
2019-02-21 10:36:26,866 INFO  Browser is opened,Type isfirefox 
2019-02-21 10:36:27,343 INFO  Page is loaded in0seconds 
2019-02-21 11:49:38,216 INFO  Browser is opened,Type isfirefox 
2019-02-21 11:49:38,505 INFO  Select options in drop down listbyvisibletext 
2019-02-21 11:49:38,592 INFO  用户评论is selected in drop list: [[FirefoxDriver: firefox on WINDOWS (7f083f9d-9764-4161-aaa6-065465f0f78b)] -> id: menus_navlist] 
2019-02-21 14:40:09,304 INFO  Browser is opened,Type isfirefox 
2019-02-21 14:40:09,956 INFO  The element is clicked. 
2019-02-21 14:40:09,972 INFO  The page is loaded... 
2019-02-21 17:18:14,423 INFO  Browser is opened,Type isfirefox 
2019-02-21 17:18:14,738 INFO  Switched to default content. 
2019-02-21 17:18:14,773 INFO  switched to frame,id or namef1 
2019-02-21 17:18:15,029 INFO  123456is input element 
2019-02-21 17:18:15,046 INFO  Switched to default content. 
2019-02-21 17:18:15,057 INFO  switched to frame,id or namef2 
2019-02-21 17:18:15,275 INFO  123456is input element 
2019-02-21 17:20:53,321 INFO  Browser is opened,Type isfirefox 
2019-02-21 17:20:53,593 INFO  Switched to default content. 
2019-02-21 17:20:53,603 INFO  switched to frame,index0 
2019-02-21 17:20:53,797 INFO  123456is input element 
2019-02-21 17:20:53,817 INFO  Switched to default content. 
2019-02-21 17:20:53,828 INFO  switched to frame,id or namef2 
2019-02-21 17:20:54,021 INFO  123456is input element 
2019-02-21 18:44:54,258 INFO  Browser is opened,Type isfirefox 
2019-02-21 18:44:54,646 INFO  Switched to default content. 
2019-02-21 18:44:54,660 INFO  switched to frame[[FirefoxDriver: firefox on WINDOWS (7ed848fd-3c7b-4a60-9b16-c940c5fb7dc9)] -> name: f1] 
2019-02-21 18:44:54,854 INFO  123456is input element 
2019-02-21 18:44:54,865 INFO  Switched to default content. 
2019-02-21 18:44:54,875 INFO  Switched to default content. 
2019-02-21 18:44:54,887 INFO  switched to frame[[FirefoxDriver: firefox on WINDOWS (7ed848fd-3c7b-4a60-9b16-c940c5fb7dc9)] -> name: f2] 
2019-02-21 18:44:55,134 INFO  123456is input element 
2019-02-22 10:21:57,649 INFO  Browser is opened,Type isfirefox 
2019-02-22 10:21:58,016 INFO  Switched to default content. 
2019-02-22 10:22:28,046 ERROR No frame to switch 
2019-02-22 10:24:11,298 INFO  Browser is opened,Type isfirefox 
2019-02-22 10:24:11,641 INFO  Switched to default content. 
2019-02-22 10:24:11,728 INFO  Switched to default content. 
2019-02-22 10:24:11,741 INFO  switched to frame,index0 
2019-02-22 10:24:11,742 INFO  switch to frame0 
2019-02-22 10:24:11,757 INFO  Switch to frame containsinput1 
2019-02-22 10:24:11,959 INFO  123456is input element 
2019-02-22 10:24:11,976 INFO  Switched to default content. 
2019-02-22 10:24:12,060 INFO  Switched to default content. 
2019-02-22 10:24:12,073 INFO  switched to frame,index0 
2019-02-22 10:24:12,073 INFO  switch to frame0 
2019-02-22 10:24:12,093 INFO  Switched to default content. 
2019-02-22 10:24:12,105 INFO  switched to frame,index1 
2019-02-22 10:24:12,105 INFO  switch to frame1 
2019-02-22 10:24:12,115 INFO  Switch to frame containsinput2 
2019-02-22 10:24:12,273 INFO  123456is input element 
2019-02-22 10:46:48,176 INFO  Browser is opened,Type isfirefox 
2019-02-22 10:47:30,448 INFO  Browser is opened,Type isfirefox 
2019-02-22 10:51:43,468 INFO  Browser is opened,Type isfirefox 
2019-02-22 10:52:28,295 INFO  Browser is opened,Type isfirefox 
2019-02-22 11:38:27,270 INFO  Browser is opened,Type isfirefox 
2019-02-22 11:38:28,232 INFO  switch to new window 
2019-02-22 11:42:05,586 INFO  Browser is opened,Type isfirefox 
2019-02-22 11:42:06,430 INFO  switch to new window 
2019-02-22 11:42:49,065 INFO  Browser is opened,Type isfirefox 
2019-02-22 11:42:49,976 INFO  switch to new window 
2019-02-22 11:42:52,157 INFO  switch to new window 
2019-02-22 15:04:18,053 INFO  Browser is opened,Type isfirefox 
2019-02-22 15:04:19,409 INFO  Switch window by title value 
2019-02-22 15:04:19,410 INFO  Switched to target window 
2019-02-22 15:05:05,121 INFO  Browser is opened,Type isfirefox 
2019-02-22 15:05:06,686 INFO  Switch window by title value 
2019-02-22 15:05:06,686 INFO  Switched to target window 
2019-02-22 15:05:08,990 INFO  Switch window by pagesource value 
2019-02-22 15:05:08,990 INFO  Switched to target window 
2019-02-22 17:18:22,362 INFO  Browser is opened,Type isfirefox 
2019-02-22 17:18:22,846 INFO  Can find the element. 
2019-02-22 17:18:52,933 ERROR Can not find the element. 
2019-02-22 17:33:22,593 INFO  Browser is opened,Type isfirefox 
2019-02-22 17:33:23,234 INFO  Can find alert. 
2019-02-22 17:34:12,395 INFO  Browser is opened,Type isfirefox 
2019-02-22 17:34:14,846 ERROR Can not find alert. 
2019-02-22 17:34:15,205 INFO  Can find alert. 
2019-02-22 18:11:26,667 INFO  Browser is opened,Type isfirefox 
2019-02-22 18:11:29,127 ERROR Can not find alert. 
2019-02-22 18:11:29,476 INFO  Can find alert. 
2019-02-22 18:11:29,500 INFO  Accept the alert. 
2019-02-22 18:11:29,594 INFO  The text in the alert is:Welcome! 
2019-02-22 18:11:29,598 ERROR Alert text is not equals to expected text. 
2019-02-22 18:18:21,113 INFO  Browser is opened,Type isfirefox 
2019-02-22 18:18:21,754 INFO  Dismiss the alert. 
2019-02-22 18:18:21,833 INFO  The text in the alert is:Press a button 
2019-02-22 18:18:34,865 INFO  Browser is opened,Type isfirefox 
2019-02-22 18:18:37,326 ERROR Can not find alert. 
2019-02-22 18:18:37,726 INFO  Can find alert. 
2019-02-22 18:18:37,757 INFO  Accept the alert. 
2019-02-22 18:18:37,815 INFO  The text in the alert is:Welcome! 
2019-02-22 18:18:37,818 ERROR Alert text is not equals to expected text. 
2019-02-22 18:18:38,102 INFO  Accept the alert. 
2019-02-22 18:18:38,170 INFO  The text in the alert is:Press a button 
2019-02-22 18:18:44,848 INFO  Browser is opened,Type isfirefox 
2019-02-22 18:18:45,546 INFO  Dismiss the alert. 
2019-02-22 18:18:45,614 INFO  The text in the alert is:Press a button 
2019-02-25 10:38:26,124 INFO  Browser is opened,Type isfirefox 
2019-02-25 10:38:28,624 ERROR Can not find alert. 
2019-02-25 10:38:29,017 INFO  Can find alert. 
2019-02-25 10:38:29,049 INFO  Accept the alert. 
2019-02-25 10:38:29,080 INFO  The text in the alert is:Welcome! 
2019-02-25 10:38:29,080 ERROR Alert text is not equals to expected text. 
2019-02-25 10:38:29,394 INFO  Accept the alert. 
2019-02-25 10:38:29,428 INFO  The text in the alert is:Press a button 
2019-02-25 10:38:35,390 INFO  Browser is opened,Type isfirefox 
2019-02-25 10:38:36,179 INFO  Dismiss the alert. 
2019-02-25 10:38:36,210 INFO  The text in the alert is:Press a button 
2019-02-25 10:38:42,297 INFO  Browser is opened,Type isfirefox 
2019-02-25 10:38:42,768 INFO  Accept the alert. 
2019-02-25 10:38:42,799 INFO  The text in the alert is:Welcome! 
2019-02-25 10:43:48,620 INFO  Browser is opened,Type isfirefox 
2019-02-25 10:43:51,091 ERROR Can not find alert. 
2019-02-25 10:43:51,455 INFO  Can find alert. 
2019-02-25 10:43:51,471 INFO  Accept the alert. 
2019-02-25 10:43:51,502 INFO  The text in the alert is:Welcome! 
2019-02-25 10:43:51,502 ERROR Alert text is not equals to expected text. 
2019-02-25 10:43:51,796 INFO  Accept the alert. 
2019-02-25 10:43:51,836 INFO  The text in the alert is:Press a button 
2019-02-25 10:43:57,954 INFO  Browser is opened,Type isfirefox 
2019-02-25 10:43:58,507 INFO  Dismiss the alert. 
2019-02-25 10:43:58,553 INFO  The text in the alert is:Press a button 
2019-02-25 10:44:04,560 INFO  Browser is opened,Type isfirefox 
2019-02-25 10:44:05,042 INFO  Accept the alert. 
2019-02-25 10:44:05,074 INFO  The text in the alert is:Welcome! 
2019-02-25 10:44:08,027 INFO  Browser is opened,Type isfirefox 
2019-02-25 10:44:08,579 INFO  Dismiss the alert. 
2019-02-25 10:44:08,620 INFO  The text in the alert is:Press a button 
2019-02-25 10:49:07,485 INFO  Browser is opened,Type isfirefox 
2019-02-25 10:49:10,233 INFO  Accept the alert. 
2019-02-25 10:49:10,258 INFO  The text in the alert is:- 用户名不能为空。
- 登录密码不能为空。
 
2019-02-25 11:47:24,123 INFO  Browser is opened,Type isfirefox 
2019-02-25 11:49:00,216 INFO  Browser is opened,Type isfirefox 
2019-02-25 11:50:28,836 INFO  Browser is opened,Type isfirefox 
2019-02-25 14:07:40,470 INFO  Browser is opened,Type isfirefox 
2019-02-25 14:28:30,622 INFO  Browser is opened,Type isfirefox 
2019-02-25 14:28:31,046 INFO  123is input element 
2019-02-25 14:41:19,826 INFO  Browser is opened,Type isfirefox 
2019-02-25 14:51:07,766 INFO  Browser is opened,Type isfirefox 
2019-02-25 15:14:00,081 INFO  Browser is opened,Type isfirefox 
2019-02-25 16:22:47,061 INFO  Browser is opened,Type isfirefox 
2019-02-25 16:22:50,701 INFO  Browser is opened,Type isfirefox 
2019-02-25 16:37:21,961 INFO  Browser is opened,Type isfirefox 
2019-02-25 16:38:10,337 INFO  Browser is opened,Type isfirefox 
2019-02-25 16:38:10,699 ERROR The drop down lis is not multiple. 
2019-02-25 16:39:58,751 INFO  Browser is opened,Type isfirefox 
2019-02-25 16:50:11,570 INFO  Browser is opened,Type isfirefox 
2019-02-25 16:50:11,869 INFO  Select options in drop down listbyindex 
2019-02-25 16:50:12,010 INFO  1is selected in drop list: [[FirefoxDriver: firefox on WINDOWS (f0cc8398-2f27-41e6-bf14-5ebf077150d9)] -> id: menus_navlist] 
2019-02-25 16:50:38,896 INFO  Browser is opened,Type isfirefox 
2019-02-25 16:50:39,179 INFO  Select options in drop down listbyindex 
2019-02-25 16:50:39,304 INFO  1is selected in drop list: [[FirefoxDriver: firefox on WINDOWS (5a81cf75-ea29-4959-a5da-8f950a98d46c)] -> id: menus_navlist] 
2019-02-25 16:50:39,366 INFO  Select options in drop down listbyindex 
2019-02-25 16:50:39,523 INFO  3is selected in drop list: [[FirefoxDriver: firefox on WINDOWS (5a81cf75-ea29-4959-a5da-8f950a98d46c)] -> id: menus_navlist] 
2019-02-25 16:50:39,585 INFO  Select options in drop down listbyindex 
2019-02-25 16:50:39,710 INFO  4is selected in drop list: [[FirefoxDriver: firefox on WINDOWS (5a81cf75-ea29-4959-a5da-8f950a98d46c)] -> id: menus_navlist] 
2019-02-25 16:52:58,392 INFO  Browser is opened,Type isfirefox 
2019-02-25 16:52:58,690 INFO  Select options in drop down listbyindex 
2019-02-25 16:52:58,846 INFO  1is selected in drop list: [[FirefoxDriver: firefox on WINDOWS (50ed18b8-f83c-4bea-83af-8c09cd06f48c)] -> id: menus_navlist] 
2019-02-25 16:52:58,893 INFO  Select options in drop down listbyindex 
2019-02-25 16:52:59,018 INFO  3is selected in drop list: [[FirefoxDriver: firefox on WINDOWS (50ed18b8-f83c-4bea-83af-8c09cd06f48c)] -> id: menus_navlist] 
2019-02-25 16:52:59,065 INFO  Select options in drop down listbyindex 
2019-02-25 16:52:59,206 INFO  4is selected in drop list: [[FirefoxDriver: firefox on WINDOWS (50ed18b8-f83c-4bea-83af-8c09cd06f48c)] -> id: menus_navlist] 
2019-02-25 17:00:53,129 INFO  Browser is opened,Type isfirefox 
2019-02-25 17:00:53,412 INFO  Select options in drop down listbyindex 
2019-02-25 17:00:53,549 INFO  1is selected in drop list: [[FirefoxDriver: firefox on WINDOWS (d4c64400-6e72-43cd-b196-be6874cee728)] -> id: menus_navlist] 
2019-02-25 17:00:53,602 INFO  Select options in drop down listbyindex 
2019-02-25 17:00:53,721 INFO  3is selected in drop list: [[FirefoxDriver: firefox on WINDOWS (d4c64400-6e72-43cd-b196-be6874cee728)] -> id: menus_navlist] 
2019-02-25 17:00:53,781 INFO  Select options in drop down listbyindex 
2019-02-25 17:00:53,908 INFO  4is selected in drop list: [[FirefoxDriver: firefox on WINDOWS (d4c64400-6e72-43cd-b196-be6874cee728)] -> id: menus_navlist] 
2019-02-25 17:04:27,451 INFO  Browser is opened,Type isfirefox 
2019-02-25 17:04:27,733 INFO  Select options in drop down listbyindex 
2019-02-25 17:04:27,889 INFO  1is selected in drop list: [[FirefoxDriver: firefox on WINDOWS (84ee1a09-4481-43ef-a8aa-4a652198516a)] -> id: menus_navlist] 
2019-02-25 17:04:27,936 INFO  Select options in drop down listbyindex 
2019-02-25 17:04:28,077 INFO  3is selected in drop list: [[FirefoxDriver: firefox on WINDOWS (84ee1a09-4481-43ef-a8aa-4a652198516a)] -> id: menus_navlist] 
2019-02-25 17:04:28,155 INFO  Select options in drop down listbyindex 
2019-02-25 17:04:28,280 INFO  4is selected in drop list: [[FirefoxDriver: firefox on WINDOWS (84ee1a09-4481-43ef-a8aa-4a652198516a)] -> id: menus_navlist] 
2019-02-25 17:42:29,463 INFO  Browser is opened,Type isfirefox 
2019-02-25 17:42:38,219 INFO  Browser is opened,Type isfirefox 
2019-02-25 17:42:48,685 INFO  Browser is opened,Type isfirefox 
2019-02-25 17:42:56,633 INFO  Browser is opened,Type isie 
2019-02-25 17:43:06,552 INFO  Browser is opened,Type isie 
2019-02-25 17:43:21,729 INFO  Browser is opened,Type isie 
2019-02-25 17:49:45,743 INFO  Browser is opened,Type isfirefox 
2019-02-25 17:49:54,485 INFO  Browser is opened,Type isfirefox 
2019-02-25 17:50:04,983 INFO  Browser is opened,Type isfirefox 
2019-02-25 17:50:12,845 INFO  Browser is opened,Type isie 
2019-02-25 17:50:22,641 INFO  Browser is opened,Type isie 
2019-02-25 17:50:37,647 INFO  Browser is opened,Type isie 
